<?xml version="1.0" encoding="UTF-8"?>
<testsuite xmlns:xsi="http://www.w3.org/2001/XMLSchema-instance" xsi:noNamespaceSchemaLocation="https://maven.apache.org/surefire/maven-surefire-plugin/xsd/surefire-test-report.xsd" version="3.0.2" name="com.emm.mseventoservice.MsEventoServiceApplicationTests" time="13.867" tests="1" errors="0" skipped="0" failures="0">
  <properties>
[...]
</properties>
  <testcase name="contextLoads" classname="com.emm.mseventoservice.MsEventoServiceApplicationTests" time="0.337">
    <system-out><![CDATA[11:34:11.441 [main] INFO org.springframework.test.context.support.AnnotationConfigContextLoaderUtils -- Could not detect default configuration classes for test class [com.emm.mseventoservice.MsEventoServiceApplicationTests]: MsEventoServiceApplicationTests does not declare any static, non-private, non-final, nested classes annotated with @Configuration.
11:34:11.558 [main] INFO org.springframework.boot.test.context.SpringBootTestContextBootstrapper -- Found @SpringBootConfiguration com.emm.mseventoservice.MsEventoServiceApplication for test class com.emm.mseventoservice.MsEventoServiceApplicationTests

  .   ____          _            __ _ _
 /\\ / ___'_ __ _ _(_)_ __  __ _ \ \ \ \
( ( )\___ | '_ | '_| | '_ \/ _` | \ \ \ \
 \\/  ___)| |_)| | | | | || (_| |  ) ) ) )
  '  |____| .__|_| |_|_| |_\__, | / / / /
 =========|_|==============|___/=/_/_/_/

 :: Spring Boot ::                (v3.5.6)

2025-10-27T11:34:15.379-05:00  INFO 32044 --- [ms-events-service] [           main] c.e.m.MsEventoServiceApplicationTests    : Starting MsEventoServiceApplicationTests using Java 21.0.7 with PID 32044 (started by TUF GAMING in C:\gestionEventosProyect\EventsProyect\ms-evento-service)
2025-10-27T11:34:15.380-05:00  INFO 32044 --- [ms-events-service] [           main] c.e.m.MsEventoServiceApplicationTests    : The following 1 profile is active: "development"
2025-10-27T11:34:15.407-05:00  INFO 32044 --- [ms-events-service] [           main] o.s.c.c.c.ConfigServerConfigDataLoader   : Fetching config from server at : http://localhost:7075
2025-10-27T11:34:15.407-05:00  INFO 32044 --- [ms-events-service] [           main] o.s.c.c.c.ConfigServerConfigDataLoader   : Located environment: name=ms-events-service, profiles=[default], label=null, version=63a43ad09c4a6ae3263af102d35996a12453f3b6, state=
2025-10-27T11:34:15.407-05:00  INFO 32044 --- [ms-events-service] [           main] o.s.c.c.c.ConfigServerConfigDataLoader   : Fetching config from server at : http://localhost:7075
2025-10-27T11:34:15.407-05:00  INFO 32044 --- [ms-events-service] [           main] o.s.c.c.c.ConfigServerConfigDataLoader   : Located environment: name=ms-events-service, profiles=[development], label=null, version=63a43ad09c4a6ae3263af102d35996a12453f3b6, state=
2025-10-27T11:34:16.207-05:00  INFO 32044 --- [ms-events-service] [           main] .s.d.r.c.RepositoryConfigurationDelegate : Bootstrapping Spring Data JPA repositories in DEFAULT mode.
2025-10-27T11:34:16.380-05:00  INFO 32044 --- [ms-events-service] [           main] .s.d.r.c.RepositoryConfigurationDelegate : Finished Spring Data repository scanning in 145 ms. Found 2 JPA repository interfaces.
2025-10-27T11:34:16.783-05:00  INFO 32044 --- [ms-events-service] [           main] o.s.cloud.context.scope.GenericScope     : BeanFactory id=9a722e4f-8034-3b05-93e4-074e9c6b3d8f
2025-10-27T11:34:17.696-05:00  INFO 32044 --- [ms-events-service] [           main] o.hibernate.jpa.internal.util.LogHelper  : HHH000204: Processing PersistenceUnitInfo [name: default]
2025-10-27T11:34:17.818-05:00  INFO 32044 --- [ms-events-service] [           main] org.hibernate.Version                    : HHH000412: Hibernate ORM core version 6.6.29.Final
2025-10-27T11:34:17.868-05:00  INFO 32044 --- [ms-events-service] [           main] o.h.c.internal.RegionFactoryInitiator    : HHH000026: Second-level cache disabled
2025-10-27T11:34:18.152-05:00  INFO 32044 --- [ms-events-service] [           main] o.s.o.j.p.SpringPersistenceUnitInfo      : No LoadTimeWeaver setup: ignoring JPA class transformer
2025-10-27T11:34:18.184-05:00  INFO 32044 --- [ms-events-service] [           main] com.zaxxer.hikari.HikariDataSource       : HikariPool-1 - Starting...
2025-10-27T11:34:18.548-05:00  INFO 32044 --- [ms-events-service] [           main] com.zaxxer.hikari.pool.HikariPool        : HikariPool-1 - Added connection com.mysql.cj.jdbc.ConnectionImpl@65a8c306
2025-10-27T11:34:18.551-05:00  INFO 32044 --- [ms-events-service] [           main] com.zaxxer.hikari.HikariDataSource       : HikariPool-1 - Start completed.
2025-10-27T11:34:18.676-05:00  INFO 32044 --- [ms-events-service] [           main] org.hibernate.orm.connections.pooling    : HHH10001005: Database info:
	Database JDBC URL [Connecting through datasource 'HikariDataSource (HikariPool-1)']
	Database driver: undefined/unknown
	Database version: 8.0.42
	Autocommit mode: undefined/unknown
	Isolation level: undefined/unknown
	Minimum pool size: undefined/unknown
	Maximum pool size: undefined/unknown
2025-10-27T11:34:19.513-05:00  INFO 32044 --- [ms-events-service] [           main] o.h.e.t.j.p.i.JtaPlatformInitiator       : HHH000489: No JTA platform available (set 'hibernate.transaction.jta.platform' to enable JTA platform integration)
2025-10-27T11:34:19.656-05:00  INFO 32044 --- [ms-events-service] [           main] j.LocalContainerEntityManagerFactoryBean : Initialized JPA EntityManagerFactory for persistence unit 'default'
2025-10-27T11:34:20.233-05:00  INFO 32044 --- [ms-events-service] [           main] o.s.d.j.r.query.QueryEnhancerFactory     : Hibernate is in classpath; If applicable, HQL parser will be used.
2025-10-27T11:34:21.032-05:00  WARN 32044 --- [ms-events-service] [           main] JpaBaseConfiguration$JpaWebConfiguration : spring.jpa.open-in-view is enabled by default. Therefore, database queries may be performed during view rendering. Explicitly configure spring.jpa.open-in-view to disable this warning
2025-10-27T11:34:22.126-05:00  INFO 32044 --- [ms-events-service] [           main] o.s.cloud.commons.util.InetUtils         : Cannot determine local hostname
2025-10-27T11:34:22.185-05:00  INFO 32044 --- [ms-events-service] [           main] o.s.c.openfeign.FeignClientFactoryBean   : For 'ms-auth-service' URL not provided. Will try picking an instance via load-balancing.
2025-10-27T11:34:24.695-05:00  INFO 32044 --- [ms-events-service] [           main] o.s.cloud.commons.util.InetUtils         : Cannot determine local hostname
2025-10-27T11:34:24.730-05:00  INFO 32044 --- [ms-events-service] [           main] DiscoveryClientOptionalArgsConfiguration : Eureka HTTP Client uses RestTemplate.
2025-10-27T11:34:24.788-05:00  WARN 32044 --- [ms-events-service] [           main] iguration$LoadBalancerCaffeineWarnLogger : Spring Cloud LoadBalancer is currently working with the default cache. While this cache implementation is useful for development and tests, it's recommended to use Caffeine cache in production.You can switch to using Caffeine cache, by adding it and org.springframework.cache.caffeine.CaffeineCacheManager to the classpath.
2025-10-27T11:34:24.821-05:00  INFO 32044 --- [ms-events-service] [           main] c.e.m.MsEventoServiceApplicationTests    : Started MsEventoServiceApplicationTests in 12.968 seconds (process running for 14.054)
]]></system-out>
    <system-err><![CDATA[Mockito is currently self-attaching to enable the inline-mock-maker. This will no longer work in future releases of the JDK. Please add Mockito as an agent to your build as described in Mockito's documentation: https://javadoc.io/doc/org.mockito/mockito-core/latest/org.mockito/org/mockito/Mockito.html#0.3
WARNING: A Java agent has been loaded dynamically (C:\Users\TUF GAMING\.m2\repository\net\bytebuddy\byte-buddy-agent\1.17.7\byte-buddy-agent-1.17.7.jar)
WARNING: If a serviceability tool is in use, please run with -XX:+EnableDynamicAgentLoading to hide this warning
WARNING: If a serviceability tool is not in use, please run with -Djdk.instrument.traceUsage for more information
WARNING: Dynamic loading of agents will be disallowed by default in a future release
]]></system-err>
  </testcase>
</testsuite>